[0.012s] Invoking command in '/home/sava/robotics/ros2_ws/build/your_robot_description': CMAKE_PREFIX_PATH=${CMAKE_PREFIX_PATH}:/opt/ros/jazzy DEBUGINFOD_URLS=https://debuginfod.ubuntu.com /usr/bin/cmake /home/sava/robotics/ros2_ws/src/your_robot_description -DCMAKE_INSTALL_PREFIX=/home/sava/robotics/ros2_ws/install/your_robot_description
[0.073s] -- The C compiler identification is GNU 13.3.0
[0.142s] -- The CXX compiler identification is GNU 13.3.0
[0.163s] -- Detecting C compiler ABI info
[0.270s] -- Detecting C compiler ABI info - done
[0.280s] -- Check for working C compiler: /usr/bin/cc - skipped
[0.280s] -- Detecting C compile features
[0.281s] -- Detecting C compile features - done
[0.291s] -- Detecting CXX compiler ABI info
[0.419s] -- Detecting CXX compiler ABI info - done
[0.432s] -- Check for working CXX compiler: /usr/bin/c++ - skipped
[0.433s] -- Detecting CXX compile features
[0.433s] -- Detecting CXX compile features - done
[0.440s] -- Found ament_cmake: 2.5.4 (/opt/ros/jazzy/share/ament_cmake/cmake)
[0.656s] -- Found Python3: /usr/bin/python3 (found version "3.12.3") found components: Interpreter 
[0.920s] -- Configuring done (0.9s)
[0.922s] -- Generating done (0.0s)
[0.924s] -- Build files have been written to: /home/sava/robotics/ros2_ws/build/your_robot_description
[0.930s] Invoked command in '/home/sava/robotics/ros2_ws/build/your_robot_description' returned '0': CMAKE_PREFIX_PATH=${CMAKE_PREFIX_PATH}:/opt/ros/jazzy DEBUGINFOD_URLS=https://debuginfod.ubuntu.com /usr/bin/cmake /home/sava/robotics/ros2_ws/src/your_robot_description -DCMAKE_INSTALL_PREFIX=/home/sava/robotics/ros2_ws/install/your_robot_description
[0.932s] Invoking command in '/home/sava/robotics/ros2_ws/build/your_robot_description': CMAKE_PREFIX_PATH=${CMAKE_PREFIX_PATH}:/opt/ros/jazzy DEBUGINFOD_URLS=https://debuginfod.ubuntu.com /usr/bin/cmake --build /home/sava/robotics/ros2_ws/build/your_robot_description -- -j4 -l4
[0.978s] Invoked command in '/home/sava/robotics/ros2_ws/build/your_robot_description' returned '0': CMAKE_PREFIX_PATH=${CMAKE_PREFIX_PATH}:/opt/ros/jazzy DEBUGINFOD_URLS=https://debuginfod.ubuntu.com /usr/bin/cmake --build /home/sava/robotics/ros2_ws/build/your_robot_description -- -j4 -l4
[0.991s] Invoking command in '/home/sava/robotics/ros2_ws/build/your_robot_description': CMAKE_PREFIX_PATH=${CMAKE_PREFIX_PATH}:/opt/ros/jazzy DEBUGINFOD_URLS=https://debuginfod.ubuntu.com /usr/bin/cmake --install /home/sava/robotics/ros2_ws/build/your_robot_description
[1.000s] -- Install configuration: ""
[1.001s] -- Installing: /home/sava/robotics/ros2_ws/install/your_robot_description/share/your_robot_description/urdf
[1.002s] -- Installing: /home/sava/robotics/ros2_ws/install/your_robot_description/share/your_robot_description/urdf/base.urdf.xacro
[1.002s] -- Installing: /home/sava/robotics/ros2_ws/install/your_robot_description/share/your_robot_description/urdf/gazebo.urdf.xacro
[1.002s] -- Installing: /home/sava/robotics/ros2_ws/install/your_robot_description/share/your_robot_description/urdf/robot.urdf.xacro
[1.002s] -- Installing: /home/sava/robotics/ros2_ws/install/your_robot_description/share/your_robot_description/urdf/sensors.urdf.xacro
[1.002s] -- Installing: /home/sava/robotics/ros2_ws/install/your_robot_description/share/your_robot_description/urdf/manipulator.urdf.xacro
[1.002s] -- Installing: /home/sava/robotics/ros2_ws/install/your_robot_description/share/your_robot_description/config
[1.003s] -- Installing: /home/sava/robotics/ros2_ws/install/your_robot_description/share/your_robot_description/config/joint_limits.yaml
[1.003s] -- Installing: /home/sava/robotics/ros2_ws/install/your_robot_description/share/your_robot_description/config/nav2_params.yaml
[1.003s] -- Installing: /home/sava/robotics/ros2_ws/install/your_robot_description/share/your_robot_description/config/controller_manager.yaml
[1.003s] -- Installing: /home/sava/robotics/ros2_ws/install/your_robot_description/share/your_robot_description/config/bridge_config.yaml
[1.004s] -- Installing: /home/sava/robotics/ros2_ws/install/your_robot_description/share/your_robot_description/config/moveit_controllers.yaml
[1.004s] -- Installing: /home/sava/robotics/ros2_ws/install/your_robot_description/share/your_robot_description/launch
[1.004s] -- Installing: /home/sava/robotics/ros2_ws/install/your_robot_description/share/your_robot_description/launch/slam.launch.py
[1.004s] -- Installing: /home/sava/robotics/ros2_ws/install/your_robot_description/share/your_robot_description/launch/nav2.launch.py
[1.005s] -- Installing: /home/sava/robotics/ros2_ws/install/your_robot_description/share/your_robot_description/launch/robot_state_publisher.launch.py
[1.005s] -- Installing: /home/sava/robotics/ros2_ws/install/your_robot_description/share/your_robot_description/launch/moveit.launch.py
[1.005s] -- Installing: /home/sava/robotics/ros2_ws/install/your_robot_description/share/your_robot_description/launch/gazebo.launch.py
[1.005s] -- Installing: /home/sava/robotics/ros2_ws/install/your_robot_description/share/your_robot_description/launch/rviz.launch.py
[1.005s] -- Installing: /home/sava/robotics/ros2_ws/install/your_robot_description/share/your_robot_description/launch/complete_demo.launch.py
[1.005s] -- Installing: /home/sava/robotics/ros2_ws/install/your_robot_description/share/your_robot_description/rviz
[1.006s] -- Installing: /home/sava/robotics/ros2_ws/install/your_robot_description/share/your_robot_description/rviz/moveit_config.rviz
[1.006s] -- Installing: /home/sava/robotics/ros2_ws/install/your_robot_description/share/your_robot_description/rviz/robot_config.rviz
[1.006s] -- Installing: /home/sava/robotics/ros2_ws/install/your_robot_description/share/your_robot_description/worlds
[1.006s] -- Installing: /home/sava/robotics/ros2_ws/install/your_robot_description/share/your_robot_description/worlds/corridor_world.world
[1.006s] -- Installing: /home/sava/robotics/ros2_ws/install/your_robot_description/share/ament_index/resource_index/package_run_dependencies/your_robot_description
[1.006s] -- Installing: /home/sava/robotics/ros2_ws/install/your_robot_description/share/ament_index/resource_index/parent_prefix_path/your_robot_description
[1.007s] -- Installing: /home/sava/robotics/ros2_ws/install/your_robot_description/share/your_robot_description/environment/ament_prefix_path.sh
[1.007s] -- Installing: /home/sava/robotics/ros2_ws/install/your_robot_description/share/your_robot_description/environment/ament_prefix_path.dsv
[1.007s] -- Installing: /home/sava/robotics/ros2_ws/install/your_robot_description/share/your_robot_description/environment/path.sh
[1.007s] -- Installing: /home/sava/robotics/ros2_ws/install/your_robot_description/share/your_robot_description/environment/path.dsv
[1.007s] -- Installing: /home/sava/robotics/ros2_ws/install/your_robot_description/share/your_robot_description/local_setup.bash
[1.007s] -- Installing: /home/sava/robotics/ros2_ws/install/your_robot_description/share/your_robot_description/local_setup.sh
[1.007s] -- Installing: /home/sava/robotics/ros2_ws/install/your_robot_description/share/your_robot_description/local_setup.zsh
[1.008s] -- Installing: /home/sava/robotics/ros2_ws/install/your_robot_description/share/your_robot_description/local_setup.dsv
[1.008s] -- Installing: /home/sava/robotics/ros2_ws/install/your_robot_description/share/your_robot_description/package.dsv
[1.008s] -- Installing: /home/sava/robotics/ros2_ws/install/your_robot_description/share/ament_index/resource_index/packages/your_robot_description
[1.008s] -- Installing: /home/sava/robotics/ros2_ws/install/your_robot_description/share/your_robot_description/cmake/your_robot_descriptionConfig.cmake
[1.008s] -- Installing: /home/sava/robotics/ros2_ws/install/your_robot_description/share/your_robot_description/cmake/your_robot_descriptionConfig-version.cmake
[1.008s] -- Installing: /home/sava/robotics/ros2_ws/install/your_robot_description/share/your_robot_description/package.xml
[1.009s] Invoked command in '/home/sava/robotics/ros2_ws/build/your_robot_description' returned '0': CMAKE_PREFIX_PATH=${CMAKE_PREFIX_PATH}:/opt/ros/jazzy DEBUGINFOD_URLS=https://debuginfod.ubuntu.com /usr/bin/cmake --install /home/sava/robotics/ros2_ws/build/your_robot_description
