[0.012s] Invoking command in '/home/sava/robotics/ros2_ws/build/your_robot_description': CMAKE_PREFIX_PATH=${CMAKE_PREFIX_PATH}:/opt/ros/jazzy DEBUGINFOD_URLS=https://debuginfod.ubuntu.com /usr/bin/cmake /home/sava/robotics/ros2_ws/src/your_robot_description -DCMAKE_INSTALL_PREFIX=/home/sava/robotics/ros2_ws/install/your_robot_description
[0.086s] -- The C compiler identification is GNU 13.3.0
[0.154s] -- The CXX compiler identification is GNU 13.3.0
[0.174s] -- Detecting C compiler ABI info
[0.298s] -- Detecting C compiler ABI info - done
[0.313s] -- Check for working C compiler: /usr/bin/cc - skipped
[0.314s] -- Detecting C compile features
[0.315s] -- Detecting C compile features - done
[0.331s] -- Detecting CXX compiler ABI info
[0.491s] -- Detecting CXX compiler ABI info - done
[0.502s] -- Check for working CXX compiler: /usr/bin/c++ - skipped
[0.503s] -- Detecting CXX compile features
[0.503s] -- Detecting CXX compile features - done
[0.508s] -- Found ament_cmake: 2.5.4 (/opt/ros/jazzy/share/ament_cmake/cmake)
[0.689s] -- Found Python3: /usr/bin/python3 (found version "3.12.3") found components: Interpreter 
[0.935s] -- Configuring done (0.9s)
[0.938s] -- Generating done (0.0s)
[0.939s] -- Build files have been written to: /home/sava/robotics/ros2_ws/build/your_robot_description
[0.945s] Invoked command in '/home/sava/robotics/ros2_ws/build/your_robot_description' returned '0': CMAKE_PREFIX_PATH=${CMAKE_PREFIX_PATH}:/opt/ros/jazzy DEBUGINFOD_URLS=https://debuginfod.ubuntu.com /usr/bin/cmake /home/sava/robotics/ros2_ws/src/your_robot_description -DCMAKE_INSTALL_PREFIX=/home/sava/robotics/ros2_ws/install/your_robot_description
[0.946s] Invoking command in '/home/sava/robotics/ros2_ws/build/your_robot_description': CMAKE_PREFIX_PATH=${CMAKE_PREFIX_PATH}:/opt/ros/jazzy DEBUGINFOD_URLS=https://debuginfod.ubuntu.com /usr/bin/cmake --build /home/sava/robotics/ros2_ws/build/your_robot_description -- -j4 -l4
[0.997s] Invoked command in '/home/sava/robotics/ros2_ws/build/your_robot_description' returned '0': CMAKE_PREFIX_PATH=${CMAKE_PREFIX_PATH}:/opt/ros/jazzy DEBUGINFOD_URLS=https://debuginfod.ubuntu.com /usr/bin/cmake --build /home/sava/robotics/ros2_ws/build/your_robot_description -- -j4 -l4
[1.009s] Invoking command in '/home/sava/robotics/ros2_ws/build/your_robot_description': CMAKE_PREFIX_PATH=${CMAKE_PREFIX_PATH}:/opt/ros/jazzy DEBUGINFOD_URLS=https://debuginfod.ubuntu.com /usr/bin/cmake --install /home/sava/robotics/ros2_ws/build/your_robot_description
[1.018s] -- Install configuration: ""
[1.019s] -- Installing: /home/sava/robotics/ros2_ws/install/your_robot_description/share/your_robot_description/urdf
[1.019s] -- Installing: /home/sava/robotics/ros2_ws/install/your_robot_description/share/your_robot_description/urdf/base.urdf.xacro
[1.019s] -- Installing: /home/sava/robotics/ros2_ws/install/your_robot_description/share/your_robot_description/urdf/gazebo.urdf.xacro
[1.019s] -- Installing: /home/sava/robotics/ros2_ws/install/your_robot_description/share/your_robot_description/urdf/robot.urdf.xacro
[1.019s] -- Installing: /home/sava/robotics/ros2_ws/install/your_robot_description/share/your_robot_description/urdf/sensors.urdf.xacro
[1.019s] -- Installing: /home/sava/robotics/ros2_ws/install/your_robot_description/share/your_robot_description/urdf/manipulator.urdf.xacro
[1.020s] -- Installing: /home/sava/robotics/ros2_ws/install/your_robot_description/share/your_robot_description/config
[1.020s] -- Installing: /home/sava/robotics/ros2_ws/install/your_robot_description/share/your_robot_description/config/joint_limits.yaml
[1.020s] -- Installing: /home/sava/robotics/ros2_ws/install/your_robot_description/share/your_robot_description/config/nav2_params.yaml
[1.020s] -- Installing: /home/sava/robotics/ros2_ws/install/your_robot_description/share/your_robot_description/config/controller_manager.yaml
[1.020s] -- Installing: /home/sava/robotics/ros2_ws/install/your_robot_description/share/your_robot_description/config/bridge_config.yaml
[1.020s] -- Installing: /home/sava/robotics/ros2_ws/install/your_robot_description/share/your_robot_description/config/moveit_controllers.yaml
[1.020s] -- Installing: /home/sava/robotics/ros2_ws/install/your_robot_description/share/your_robot_description/launch
[1.021s] -- Installing: /home/sava/robotics/ros2_ws/install/your_robot_description/share/your_robot_description/launch/slam.launch.py
[1.021s] -- Installing: /home/sava/robotics/ros2_ws/install/your_robot_description/share/your_robot_description/launch/nav2.launch.py
[1.021s] -- Installing: /home/sava/robotics/ros2_ws/install/your_robot_description/share/your_robot_description/launch/robot_state_publisher.launch.py
[1.021s] -- Installing: /home/sava/robotics/ros2_ws/install/your_robot_description/share/your_robot_description/launch/moveit.launch.py
[1.021s] -- Installing: /home/sava/robotics/ros2_ws/install/your_robot_description/share/your_robot_description/launch/gazebo.launch.py
[1.021s] -- Installing: /home/sava/robotics/ros2_ws/install/your_robot_description/share/your_robot_description/launch/rviz.launch.py
[1.021s] -- Installing: /home/sava/robotics/ros2_ws/install/your_robot_description/share/your_robot_description/launch/complete_demo.launch.py
[1.022s] -- Installing: /home/sava/robotics/ros2_ws/install/your_robot_description/share/your_robot_description/rviz
[1.022s] -- Installing: /home/sava/robotics/ros2_ws/install/your_robot_description/share/your_robot_description/rviz/moveit_config.rviz
[1.022s] -- Installing: /home/sava/robotics/ros2_ws/install/your_robot_description/share/your_robot_description/rviz/robot_config.rviz
[1.022s] -- Installing: /home/sava/robotics/ros2_ws/install/your_robot_description/share/your_robot_description/worlds
[1.022s] -- Installing: /home/sava/robotics/ros2_ws/install/your_robot_description/share/your_robot_description/worlds/corridor_world.world
[1.022s] -- Installing: /home/sava/robotics/ros2_ws/install/your_robot_description/share/ament_index/resource_index/package_run_dependencies/your_robot_description
[1.022s] -- Installing: /home/sava/robotics/ros2_ws/install/your_robot_description/share/ament_index/resource_index/parent_prefix_path/your_robot_description
[1.023s] -- Installing: /home/sava/robotics/ros2_ws/install/your_robot_description/share/your_robot_description/environment/ament_prefix_path.sh
[1.023s] -- Installing: /home/sava/robotics/ros2_ws/install/your_robot_description/share/your_robot_description/environment/ament_prefix_path.dsv
[1.023s] -- Installing: /home/sava/robotics/ros2_ws/install/your_robot_description/share/your_robot_description/environment/path.sh
[1.023s] -- Installing: /home/sava/robotics/ros2_ws/install/your_robot_description/share/your_robot_description/environment/path.dsv
[1.023s] -- Installing: /home/sava/robotics/ros2_ws/install/your_robot_description/share/your_robot_description/local_setup.bash
[1.023s] -- Installing: /home/sava/robotics/ros2_ws/install/your_robot_description/share/your_robot_description/local_setup.sh
[1.023s] -- Installing: /home/sava/robotics/ros2_ws/install/your_robot_description/share/your_robot_description/local_setup.zsh
[1.023s] -- Installing: /home/sava/robotics/ros2_ws/install/your_robot_description/share/your_robot_description/local_setup.dsv
[1.024s] -- Installing: /home/sava/robotics/ros2_ws/install/your_robot_description/share/your_robot_description/package.dsv
[1.024s] -- Installing: /home/sava/robotics/ros2_ws/install/your_robot_description/share/ament_index/resource_index/packages/your_robot_description
[1.024s] -- Installing: /home/sava/robotics/ros2_ws/install/your_robot_description/share/your_robot_description/cmake/your_robot_descriptionConfig.cmake
[1.024s] -- Installing: /home/sava/robotics/ros2_ws/install/your_robot_description/share/your_robot_description/cmake/your_robot_descriptionConfig-version.cmake
[1.024s] -- Installing: /home/sava/robotics/ros2_ws/install/your_robot_description/share/your_robot_description/package.xml
[1.026s] Invoked command in '/home/sava/robotics/ros2_ws/build/your_robot_description' returned '0': CMAKE_PREFIX_PATH=${CMAKE_PREFIX_PATH}:/opt/ros/jazzy DEBUGINFOD_URLS=https://debuginfod.ubuntu.com /usr/bin/cmake --install /home/sava/robotics/ros2_ws/build/your_robot_description
